This is pdfTeX, Version 3.14159265-2.6-1.40.20 (MiKTeX 2.9.7050) (preloaded format=pdflatex 2019.4.18)  1 OCT 2019 17:24
entering extended mode
**./presentation.tex
(presentation.tex
LaTeX2e <2018-12-01>
(/home/peete/.miktex/texmfs/install/tex/latex/beamer/beamer.cls
Document Class: beamer 2018/12/02 v3.55 A class for typesetting presentations
(/home/peete/.miktex/texmfs/install/tex/latex/beamer/beamerbasemodes.sty
(/home/peete/.miktex/texmfs/install/tex/latex/etoolbox/etoolbox.sty
Package: etoolbox 2018/08/19 v2.5f e-TeX tools for LaTeX (JAW)
\etb@tempcnta=\count80
)
\beamer@tempbox=\box27
\beamer@tempcount=\count81
\c@beamerpauses=\count82

(/home/peete/.miktex/texmfs/install/tex/latex/beamer/beamerbasedecode.sty
\beamer@slideinframe=\count83
\beamer@minimum=\count84
)
\beamer@commentbox=\box28
\beamer@modecount=\count85
)
(/home/peete/.miktex/texmfs/install/tex/generic/oberdiek/ifpdf.sty
Package: ifpdf 2018/09/07 v3.3 Provides the ifpdf switch
)
\headdp=\dimen102
\footheight=\dimen103
\sidebarheight=\dimen104
\beamer@tempdim=\dimen105
\beamer@finalheight=\dimen106
\beamer@animht=\dimen107
\beamer@animdp=\dimen108
\beamer@animwd=\dimen109
\beamer@leftmargin=\dimen110
\beamer@rightmargin=\dimen111
\beamer@leftsidebar=\dimen112
\beamer@rightsidebar=\dimen113
\beamer@boxsize=\dimen114
\beamer@vboxoffset=\dimen115
\beamer@descdefault=\dimen116
\beamer@descriptionwidth=\dimen117
\beamer@lastskip=\skip41
\beamer@areabox=\box29
\beamer@animcurrent=\box30
\beamer@animshowbox=\box31
\beamer@sectionbox=\box32
\beamer@logobox=\box33
\beamer@linebox=\box34
\beamer@sectioncount=\count86
\beamer@subsubsectionmax=\count87
\beamer@subsectionmax=\count88
\beamer@sectionmax=\count89
\beamer@totalheads=\count90
\beamer@headcounter=\count91
\beamer@partstartpage=\count92
\beamer@sectionstartpage=\count93
\beamer@subsectionstartpage=\count94
\beamer@animationtempa=\count95
\beamer@animationtempb=\count96
\beamer@xpos=\count97
\beamer@ypos=\count98
\beamer@ypos@offset=\count99
\beamer@showpartnumber=\count100
\beamer@currentsubsection=\count101
\beamer@coveringdepth=\count102
\beamer@sectionadjust=\count103
\beamer@tocsectionnumber=\count104

(/home/peete/.miktex/texmfs/install/tex/latex/beamer/beamerbaseoptions.sty
(/home/peete/.miktex/texmfs/install/tex/latex/graphics/keyval.sty
Package: keyval 2014/10/28 v1.15 key=value parser (DPC)
\KV@toks@=\toks14
))
\beamer@paperwidth=\skip42
\beamer@paperheight=\skip43

(/home/peete/.miktex/texmfs/install/tex/latex/geometry/geometry.sty
Package: geometry 2018/04/16 v5.8 Page Geometry

(/home/peete/.miktex/texmfs/install/tex/generic/oberdiek/ifvtex.sty
Package: ifvtex 2016/05/16 v1.6 Detect VTeX and its facilities (HO)
Package ifvtex Info: VTeX not detected.
)
(/home/peete/.miktex/texmfs/install/tex/generic/ifxetex/ifxetex.sty
Package: ifxetex 2010/09/12 v0.6 Provides ifxetex conditional
)
\Gm@cnth=\count105
\Gm@cntv=\count106
\c@Gm@tempcnt=\count107
\Gm@bindingoffset=\dimen118
\Gm@wd@mp=\dimen119
\Gm@odd@mp=\dimen120
\Gm@even@mp=\dimen121
\Gm@layoutwidth=\dimen122
\Gm@layoutheight=\dimen123
\Gm@layouthoffset=\dimen124
\Gm@layoutvoffset=\dimen125
\Gm@dimlist=\toks15

(/home/peete/.miktex/texmfs/install/tex/latex/geometry/geometry.cfg))
(/home/peete/.miktex/texmfs/install/tex/latex/base/size11.clo
File: size11.clo 2018/09/03 v1.4i Standard LaTeX file (size option)
)
(/home/peete/.miktex/texmfs/install/tex/latex/pgf/basiclayer/pgfcore.sty
(/home/peete/.miktex/texmfs/install/tex/latex/graphics/graphicx.sty
Package: graphicx 2017/06/01 v1.1a Enhanced LaTeX Graphics (DPC,SPQR)

(/home/peete/.miktex/texmfs/install/tex/latex/graphics/graphics.sty
Package: graphics 2017/06/25 v1.2c Standard LaTeX Graphics (DPC,SPQR)

(/home/peete/.miktex/texmfs/install/tex/latex/graphics/trig.sty
Package: trig 2016/01/03 v1.10 sin cos tan (DPC)
)
(/home/peete/.miktex/texmfs/install/tex/latex/graphics-cfg/graphics.cfg
File: graphics.cfg 2016/06/04 v1.11 sample graphics configuration
)
Package graphics Info: Driver file: pdftex.def on input line 99.

(/home/peete/.miktex/texmfs/install/tex/latex/graphics-def/pdftex.def
File: pdftex.def 2018/01/08 v1.0l Graphics/color driver for pdftex
))
\Gin@req@height=\dimen126
\Gin@req@width=\dimen127
)
(/home/peete/.miktex/texmfs/install/tex/latex/pgf/systemlayer/pgfsys.sty
(/home/peete/.miktex/texmfs/install/tex/latex/pgf/utilities/pgfrcs.sty
(/home/peete/.miktex/texmfs/install/tex/generic/pgf/utilities/pgfutil-common.te
x
\pgfutil@everybye=\toks16
\pgfutil@tempdima=\dimen128
\pgfutil@tempdimb=\dimen129

(/home/peete/.miktex/texmfs/install/tex/generic/pgf/utilities/pgfutil-common-li
sts.tex))
(/home/peete/.miktex/texmfs/install/tex/generic/pgf/utilities/pgfutil-latex.def
\pgfutil@abb=\box35
(/home/peete/.miktex/texmfs/install/tex/latex/ms/everyshi.sty
Package: everyshi 2001/05/15 v3.00 EveryShipout Package (MS)
))
(/home/peete/.miktex/texmfs/install/tex/generic/pgf/utilities/pgfrcs.code.tex
(/home/peete/.miktex/texmfs/install/tex/generic/pgf/pgf.revision.tex)
Package: pgfrcs 2019/05/09 v3.1.3 (3.1.3)
))
(/home/peete/.miktex/texmfs/install/tex/generic/pgf/systemlayer/pgfsys.code.tex
Package: pgfsys 2019/05/09 v3.1.3 (3.1.3)
(/home/peete/.miktex/texmfs/install/tex/generic/pgf/utilities/pgfkeys.code.tex
\pgfkeys@pathtoks=\toks17
\pgfkeys@temptoks=\toks18

(/home/peete/.miktex/texmfs/install/tex/generic/pgf/utilities/pgfkeysfiltered.c
ode.tex
\pgfkeys@tmptoks=\toks19
))
\pgf@x=\dimen130
\pgf@y=\dimen131
\pgf@xa=\dimen132
\pgf@ya=\dimen133
\pgf@xb=\dimen134
\pgf@yb=\dimen135
\pgf@xc=\dimen136
\pgf@yc=\dimen137
\pgf@xd=\dimen138
\pgf@yd=\dimen139
\w@pgf@writea=\write3
\r@pgf@reada=\read1
\c@pgf@counta=\count108
\c@pgf@countb=\count109
\c@pgf@countc=\count110
\c@pgf@countd=\count111
\t@pgf@toka=\toks20
\t@pgf@tokb=\toks21
\t@pgf@tokc=\toks22
\pgf@sys@id@count=\count112

(/home/peete/.miktex/texmfs/install/tex/generic/pgf/systemlayer/pgf.cfg
File: pgf.cfg 2019/05/09 v3.1.3 (3.1.3)
)
Driver file for pgf: pgfsys-pdftex.def

(/home/peete/.miktex/texmfs/install/tex/generic/pgf/systemlayer/pgfsys-pdftex.d
ef
File: pgfsys-pdftex.def 2019/05/09 v3.1.3 (3.1.3)

(/home/peete/.miktex/texmfs/install/tex/generic/pgf/systemlayer/pgfsys-common-p
df.def
File: pgfsys-common-pdf.def 2019/05/09 v3.1.3 (3.1.3)
)))
(/home/peete/.miktex/texmfs/install/tex/generic/pgf/systemlayer/pgfsyssoftpath.
code.tex
File: pgfsyssoftpath.code.tex 2019/05/09 v3.1.3 (3.1.3)
\pgfsyssoftpath@smallbuffer@items=\count113
\pgfsyssoftpath@bigbuffer@items=\count114
)
(/home/peete/.miktex/texmfs/install/tex/generic/pgf/systemlayer/pgfsysprotocol.
code.tex
File: pgfsysprotocol.code.tex 2019/05/09 v3.1.3 (3.1.3)
)) (/home/peete/.miktex/texmfs/install/tex/latex/xcolor/xcolor.sty
Package: xcolor 2016/05/11 v2.12 LaTeX color extensions (UK)

(/home/peete/.miktex/texmfs/install/tex/latex/graphics-cfg/color.cfg
File: color.cfg 2016/01/02 v1.6 sample color configuration
)
Package xcolor Info: Driver file: pdftex.def on input line 225.
Package xcolor Info: Model `cmy' substituted by `cmy0' on input line 1348.
Package xcolor Info: Model `hsb' substituted by `rgb' on input line 1352.
Package xcolor Info: Model `RGB' extended on input line 1364.
Package xcolor Info: Model `HTML' substituted by `rgb' on input line 1366.
Package xcolor Info: Model `Hsb' substituted by `hsb' on input line 1367.
Package xcolor Info: Model `tHsb' substituted by `hsb' on input line 1368.
Package xcolor Info: Model `HSB' substituted by `hsb' on input line 1369.
Package xcolor Info: Model `Gray' substituted by `gray' on input line 1370.
Package xcolor Info: Model `wave' substituted by `hsb' on input line 1371.
)
(/home/peete/.miktex/texmfs/install/tex/generic/pgf/basiclayer/pgfcore.code.tex
Package: pgfcore 2019/05/09 v3.1.3 (3.1.3)
(/home/peete/.miktex/texmfs/install/tex/generic/pgf/math/pgfmath.code.tex
(/home/peete/.miktex/texmfs/install/tex/generic/pgf/math/pgfmathcalc.code.tex
(/home/peete/.miktex/texmfs/install/tex/generic/pgf/math/pgfmathutil.code.tex)
(/home/peete/.miktex/texmfs/install/tex/generic/pgf/math/pgfmathparser.code.tex
\pgfmath@dimen=\dimen140
\pgfmath@count=\count115
\pgfmath@box=\box36
\pgfmath@toks=\toks23
\pgfmath@stack@operand=\toks24
\pgfmath@stack@operation=\toks25
)
(/home/peete/.miktex/texmfs/install/tex/generic/pgf/math/pgfmathfunctions.code.
tex
(/home/peete/.miktex/texmfs/install/tex/generic/pgf/math/pgfmathfunctions.basic
.code.tex)
(/home/peete/.miktex/texmfs/install/tex/generic/pgf/math/pgfmathfunctions.trigo
nometric.code.tex)
(/home/peete/.miktex/texmfs/install/tex/generic/pgf/math/pgfmathfunctions.rando
m.code.tex)
(/home/peete/.miktex/texmfs/install/tex/generic/pgf/math/pgfmathfunctions.compa
rison.code.tex)
(/home/peete/.miktex/texmfs/install/tex/generic/pgf/math/pgfmathfunctions.base.
code.tex)
(/home/peete/.miktex/texmfs/install/tex/generic/pgf/math/pgfmathfunctions.round
.code.tex)
(/home/peete/.miktex/texmfs/install/tex/generic/pgf/math/pgfmathfunctions.misc.
code.tex)
(/home/peete/.miktex/texmfs/install/tex/generic/pgf/math/pgfmathfunctions.integ
erarithmetics.code.tex)))
(/home/peete/.miktex/texmfs/install/tex/generic/pgf/math/pgfmathfloat.code.tex
\c@pgfmathroundto@lastzeros=\count116
)) (/home/peete/.miktex/texmfs/install/tex/generic/pgf/math/pgfint.code.tex)
(/home/peete/.miktex/texmfs/install/tex/generic/pgf/basiclayer/pgfcorepoints.co
de.tex
File: pgfcorepoints.code.tex 2019/05/09 v3.1.3 (3.1.3)
\pgf@picminx=\dimen141
\pgf@picmaxx=\dimen142
\pgf@picminy=\dimen143
\pgf@picmaxy=\dimen144
\pgf@pathminx=\dimen145
\pgf@pathmaxx=\dimen146
\pgf@pathminy=\dimen147
\pgf@pathmaxy=\dimen148
\pgf@xx=\dimen149
\pgf@xy=\dimen150
\pgf@yx=\dimen151
\pgf@yy=\dimen152
\pgf@zx=\dimen153
\pgf@zy=\dimen154
)
(/home/peete/.miktex/texmfs/install/tex/generic/pgf/basiclayer/pgfcorepathconst
ruct.code.tex
File: pgfcorepathconstruct.code.tex 2019/05/09 v3.1.3 (3.1.3)
\pgf@path@lastx=\dimen155
\pgf@path@lasty=\dimen156
)
(/home/peete/.miktex/texmfs/install/tex/generic/pgf/basiclayer/pgfcorepathusage
.code.tex
File: pgfcorepathusage.code.tex 2019/05/09 v3.1.3 (3.1.3)
\pgf@shorten@end@additional=\dimen157
\pgf@shorten@start@additional=\dimen158
)
(/home/peete/.miktex/texmfs/install/tex/generic/pgf/basiclayer/pgfcorescopes.co
de.tex
File: pgfcorescopes.code.tex 2019/05/09 v3.1.3 (3.1.3)
\pgfpic=\box37
\pgf@hbox=\box38
\pgf@layerbox@main=\box39
\pgf@picture@serial@count=\count117
)
(/home/peete/.miktex/texmfs/install/tex/generic/pgf/basiclayer/pgfcoregraphicst
ate.code.tex
File: pgfcoregraphicstate.code.tex 2019/05/09 v3.1.3 (3.1.3)
\pgflinewidth=\dimen159
)
(/home/peete/.miktex/texmfs/install/tex/generic/pgf/basiclayer/pgfcoretransform
ations.code.tex
File: pgfcoretransformations.code.tex 2019/05/09 v3.1.3 (3.1.3)
\pgf@pt@x=\dimen160
\pgf@pt@y=\dimen161
\pgf@pt@temp=\dimen162
)
(/home/peete/.miktex/texmfs/install/tex/generic/pgf/basiclayer/pgfcorequick.cod
e.tex
File: pgfcorequick.code.tex 2019/05/09 v3.1.3 (3.1.3)
)
(/home/peete/.miktex/texmfs/install/tex/generic/pgf/basiclayer/pgfcoreobjects.c
ode.tex
File: pgfcoreobjects.code.tex 2019/05/09 v3.1.3 (3.1.3)
)
(/home/peete/.miktex/texmfs/install/tex/generic/pgf/basiclayer/pgfcorepathproce
ssing.code.tex
File: pgfcorepathprocessing.code.tex 2019/05/09 v3.1.3 (3.1.3)
)
(/home/peete/.miktex/texmfs/install/tex/generic/pgf/basiclayer/pgfcorearrows.co
de.tex
File: pgfcorearrows.code.tex 2019/05/09 v3.1.3 (3.1.3)
\pgfarrowsep=\dimen163
)
(/home/peete/.miktex/texmfs/install/tex/generic/pgf/basiclayer/pgfcoreshade.cod
e.tex
File: pgfcoreshade.code.tex 2019/05/09 v3.1.3 (3.1.3)
\pgf@max=\dimen164
\pgf@sys@shading@range@num=\count118
\pgf@shadingcount=\count119
)
(/home/peete/.miktex/texmfs/install/tex/generic/pgf/basiclayer/pgfcoreimage.cod
e.tex
File: pgfcoreimage.code.tex 2019/05/09 v3.1.3 (3.1.3)

(/home/peete/.miktex/texmfs/install/tex/generic/pgf/basiclayer/pgfcoreexternal.
code.tex
File: pgfcoreexternal.code.tex 2019/05/09 v3.1.3 (3.1.3)
\pgfexternal@startupbox=\box40
))
(/home/peete/.miktex/texmfs/install/tex/generic/pgf/basiclayer/pgfcorelayers.co
de.tex
File: pgfcorelayers.code.tex 2019/05/09 v3.1.3 (3.1.3)
)
(/home/peete/.miktex/texmfs/install/tex/generic/pgf/basiclayer/pgfcoretranspare
ncy.code.tex
File: pgfcoretransparency.code.tex 2019/05/09 v3.1.3 (3.1.3)
)
(/home/peete/.miktex/texmfs/install/tex/generic/pgf/basiclayer/pgfcorepatterns.
code.tex
File: pgfcorepatterns.code.tex 2019/05/09 v3.1.3 (3.1.3)
)
(/home/peete/.miktex/texmfs/install/tex/generic/pgf/basiclayer/pgfcorerdf.code.
tex
File: pgfcorerdf.code.tex 2019/05/09 v3.1.3 (3.1.3)
))) (/home/peete/.miktex/texmfs/install/tex/latex/pgf/utilities/xxcolor.sty
Package: xxcolor 2003/10/24 ver 0.1
\XC@nummixins=\count120
\XC@countmixins=\count121
) (/home/peete/.miktex/texmfs/install/tex/generic/oberdiek/atbegshi.sty
Package: atbegshi 2016/06/09 v1.18 At begin shipout hook (HO)

(/home/peete/.miktex/texmfs/install/tex/generic/oberdiek/infwarerr.sty
Package: infwarerr 2016/05/16 v1.4 Providing info/warning/error messages (HO)
)
(/home/peete/.miktex/texmfs/install/tex/generic/oberdiek/ltxcmds.sty
Package: ltxcmds 2016/05/16 v1.23 LaTeX kernel commands for general use (HO)
))
(/home/peete/.miktex/texmfs/install/tex/latex/hyperref/hyperref.sty
Package: hyperref 2018/11/30 v6.88e Hypertext links for LaTeX

(/home/peete/.miktex/texmfs/install/tex/generic/oberdiek/hobsub-hyperref.sty
Package: hobsub-hyperref 2016/05/16 v1.14 Bundle oberdiek, subset hyperref (HO)


(/home/peete/.miktex/texmfs/install/tex/generic/oberdiek/hobsub-generic.sty
Package: hobsub-generic 2016/05/16 v1.14 Bundle oberdiek, subset generic (HO)
Package: hobsub 2016/05/16 v1.14 Construct package bundles (HO)
Package hobsub Info: Skipping package `infwarerr' (already loaded).
Package hobsub Info: Skipping package `ltxcmds' (already loaded).
Package: ifluatex 2016/05/16 v1.4 Provides the ifluatex switch (HO)
Package ifluatex Info: LuaTeX not detected.
Package hobsub Info: Skipping package `ifvtex' (already loaded).
Package: intcalc 2016/05/16 v1.2 Expandable calculations with integers (HO)
Package hobsub Info: Skipping package `ifpdf' (already loaded).
Package: etexcmds 2016/05/16 v1.6 Avoid name clashes with e-TeX commands (HO)
Package: kvsetkeys 2016/05/16 v1.17 Key value parser (HO)
Package: kvdefinekeys 2016/05/16 v1.4 Define keys (HO)
Package: pdftexcmds 2018/09/10 v0.29 Utility functions of pdfTeX for LuaTeX (HO
)
Package pdftexcmds Info: LuaTeX not detected.
Package pdftexcmds Info: \pdf@primitive is available.
Package pdftexcmds Info: \pdf@ifprimitive is available.
Package pdftexcmds Info: \pdfdraftmode found.
Package: pdfescape 2016/05/16 v1.14 Implements pdfTeX's escape features (HO)
Package: bigintcalc 2016/05/16 v1.4 Expandable calculations on big integers (HO
)
Package: bitset 2016/05/16 v1.2 Handle bit-vector datatype (HO)
Package: uniquecounter 2016/05/16 v1.3 Provide unlimited unique counter (HO)
)
Package hobsub Info: Skipping package `hobsub' (already loaded).
Package: letltxmacro 2016/05/16 v1.5 Let assignment for LaTeX macros (HO)
Package: hopatch 2016/05/16 v1.3 Wrapper for package hooks (HO)
Package: xcolor-patch 2016/05/16 xcolor patch
Package: atveryend 2016/05/16 v1.9 Hooks at the very end of document (HO)
Package hobsub Info: Skipping package `atbegshi' (already loaded).
Package: refcount 2016/05/16 v3.5 Data extraction from label references (HO)
Package: hycolor 2016/05/16 v1.8 Color options for hyperref/bookmark (HO)
)
(/home/peete/.miktex/texmfs/install/tex/latex/oberdiek/auxhook.sty
Package: auxhook 2016/05/16 v1.4 Hooks for auxiliary files (HO)
)
(/home/peete/.miktex/texmfs/install/tex/latex/oberdiek/kvoptions.sty
Package: kvoptions 2016/05/16 v3.12 Key value format for package options (HO)
)
\@linkdim=\dimen165
\Hy@linkcounter=\count122
\Hy@pagecounter=\count123

(/home/peete/.miktex/texmfs/install/tex/latex/hyperref/pd1enc.def
File: pd1enc.def 2018/11/30 v6.88e Hyperref: PDFDocEncoding definition (HO)
Now handling font encoding PD1 ...
... no UTF-8 mapping file for font encoding PD1
)
\Hy@SavedSpaceFactor=\count124

(/home/peete/.miktex/texmfs/install/tex/latex/00miktex/hyperref.cfg
File: hyperref.cfg 2002/06/06 v1.2 hyperref configuration of TeXLive
)
Package hyperref Info: Option `bookmarks' set `true' on input line 4393.
Package hyperref Info: Option `bookmarksopen' set `true' on input line 4393.
Package hyperref Info: Option `implicit' set `false' on input line 4393.
Package hyperref Info: Hyper figures OFF on input line 4519.
Package hyperref Info: Link nesting OFF on input line 4524.
Package hyperref Info: Hyper index ON on input line 4527.
Package hyperref Info: Plain pages OFF on input line 4534.
Package hyperref Info: Backreferencing OFF on input line 4539.
Package hyperref Info: Implicit mode OFF; no redefinition of LaTeX internals.
Package hyperref Info: Bookmarks ON on input line 4772.
\c@Hy@tempcnt=\count125

(/home/peete/.miktex/texmfs/install/tex/latex/url/url.sty
\Urlmuskip=\muskip10
Package: url 2013/09/16  ver 3.4  Verb mode for urls, etc.
)
LaTeX Info: Redefining \url on input line 5125.
\XeTeXLinkMargin=\dimen166
\Fld@menulength=\count126
\Field@Width=\dimen167
\Fld@charsize=\dimen168
Package hyperref Info: Hyper figures OFF on input line 6380.
Package hyperref Info: Link nesting OFF on input line 6385.
Package hyperref Info: Hyper index ON on input line 6388.
Package hyperref Info: backreferencing OFF on input line 6395.
Package hyperref Info: Link coloring OFF on input line 6400.
Package hyperref Info: Link coloring with OCG OFF on input line 6405.
Package hyperref Info: PDF/A mode OFF on input line 6410.
LaTeX Info: Redefining \ref on input line 6450.
LaTeX Info: Redefining \pageref on input line 6454.
\Hy@abspage=\count127


Package hyperref Message: Stopped early.

)
Package hyperref Info: Driver (autodetected): hpdftex.
 (/home/peete/.miktex/texmfs/install/tex/latex/hyperref/hpdftex.def
File: hpdftex.def 2018/11/30 v6.88e Hyperref driver for pdfTeX
\Fld@listcount=\count128
\c@bookmark@seq@number=\count129

(/home/peete/.miktex/texmfs/install/tex/latex/oberdiek/rerunfilecheck.sty
Package: rerunfilecheck 2016/05/16 v1.8 Rerun checks for auxiliary files (HO)
Package uniquecounter Info: New unique counter `rerunfilecheck' on input line 2
82.
))
(/home/peete/.miktex/texmfs/install/tex/latex/beamer/beamerbaserequires.sty
(/home/peete/.miktex/texmfs/install/tex/latex/beamer/beamerbasecompatibility.st
y) (/home/peete/.miktex/texmfs/install/tex/latex/beamer/beamerbasefont.sty
(/home/peete/.miktex/texmfs/install/tex/latex/amsfonts/amssymb.sty
Package: amssymb 2013/01/14 v3.01 AMS font symbols

(/home/peete/.miktex/texmfs/install/tex/latex/amsfonts/amsfonts.sty
Package: amsfonts 2013/01/14 v3.01 Basic AMSFonts support
\@emptytoks=\toks26
\symAMSa=\mathgroup4
\symAMSb=\mathgroup5
LaTeX Font Info:    Overwriting math alphabet `\mathfrak' in version `bold'
(Font)                  U/euf/m/n --> U/euf/b/n on input line 106.
))
(/home/peete/.miktex/texmfs/install/tex/latex/sansmathaccent/sansmathaccent.sty
Package: sansmathaccent 2013/03/28
(/home/peete/.miktex/texmfs/install/tex/latex/filehook/filehook.sty
Package: filehook 2011/10/12 v0.5d Hooks for input files
)))
(/home/peete/.miktex/texmfs/install/tex/latex/beamer/beamerbasetranslator.sty
(/home/peete/.miktex/texmfs/install/tex/latex/translator/translator.sty
Package: translator 2018/01/04 v1.12 Easy translation of strings in LaTeX
))
(/home/peete/.miktex/texmfs/install/tex/latex/beamer/beamerbasemisc.sty)
(/home/peete/.miktex/texmfs/install/tex/latex/beamer/beamerbasetwoscreens.sty)
(/home/peete/.miktex/texmfs/install/tex/latex/beamer/beamerbaseoverlay.sty
\beamer@argscount=\count130
\beamer@lastskipcover=\skip44
\beamer@trivlistdepth=\count131
)
(/home/peete/.miktex/texmfs/install/tex/latex/beamer/beamerbasetitle.sty)
(/home/peete/.miktex/texmfs/install/tex/latex/beamer/beamerbasesection.sty
\c@lecture=\count132
\c@part=\count133
\c@section=\count134
\c@subsection=\count135
\c@subsubsection=\count136
)
(/home/peete/.miktex/texmfs/install/tex/latex/beamer/beamerbaseframe.sty
\beamer@framebox=\box41
\beamer@frametitlebox=\box42
\beamer@zoombox=\box43
\beamer@zoomcount=\count137
\beamer@zoomframecount=\count138
\beamer@frametextheight=\dimen169
\c@subsectionslide=\count139
\beamer@frametopskip=\skip45
\beamer@framebottomskip=\skip46
\beamer@frametopskipautobreak=\skip47
\beamer@framebottomskipautobreak=\skip48
\beamer@envbody=\toks27
\framewidth=\dimen170
\c@framenumber=\count140
)
(/home/peete/.miktex/texmfs/install/tex/latex/beamer/beamerbaseverbatim.sty
\beamer@verbatimfileout=\write4
)
(/home/peete/.miktex/texmfs/install/tex/latex/beamer/beamerbaseframesize.sty
\beamer@splitbox=\box44
\beamer@autobreakcount=\count141
\beamer@autobreaklastheight=\dimen171
\beamer@frametitletoks=\toks28
\beamer@framesubtitletoks=\toks29
)
(/home/peete/.miktex/texmfs/install/tex/latex/beamer/beamerbaseframecomponents.
sty
\beamer@footins=\box45
) (/home/peete/.miktex/texmfs/install/tex/latex/beamer/beamerbasecolor.sty)
(/home/peete/.miktex/texmfs/install/tex/latex/beamer/beamerbasenotes.sty
\beamer@frameboxcopy=\box46
)
(/home/peete/.miktex/texmfs/install/tex/latex/beamer/beamerbasetoc.sty)
(/home/peete/.miktex/texmfs/install/tex/latex/beamer/beamerbasetemplates.sty
\beamer@sbttoks=\toks30

(/home/peete/.miktex/texmfs/install/tex/latex/beamer/beamerbaseauxtemplates.sty
(/home/peete/.miktex/texmfs/install/tex/latex/beamer/beamerbaseboxes.sty
\bmb@box=\box47
\bmb@colorbox=\box48
\bmb@boxshadow=\box49
\bmb@boxshadowball=\box50
\bmb@boxshadowballlarge=\box51
\bmb@temp=\dimen172
\bmb@dima=\dimen173
\bmb@dimb=\dimen174
\bmb@prevheight=\dimen175
)
\beamer@blockheadheight=\dimen176
))
(/home/peete/.miktex/texmfs/install/tex/latex/beamer/beamerbaselocalstructure.s
ty (/home/peete/.miktex/texmfs/install/tex/latex/tools/enumerate.sty
Package: enumerate 2015/07/23 v3.00 enumerate extensions (DPC)
\@enLab=\toks31
)
\c@figure=\count142
\c@table=\count143
\abovecaptionskip=\skip49
\belowcaptionskip=\skip50
)
(/home/peete/.miktex/texmfs/install/tex/latex/beamer/beamerbasenavigation.sty
\beamer@section@min@dim=\dimen177
)
(/home/peete/.miktex/texmfs/install/tex/latex/beamer/beamerbasetheorems.sty
(/home/peete/.miktex/texmfs/install/tex/latex/amsmath/amsmath.sty
Package: amsmath 2018/12/01 v2.17b AMS math features
\@mathmargin=\skip51

For additional information on amsmath, use the `?' option.
(/home/peete/.miktex/texmfs/install/tex/latex/amsmath/amstext.sty
Package: amstext 2000/06/29 v2.01 AMS text

(/home/peete/.miktex/texmfs/install/tex/latex/amsmath/amsgen.sty
File: amsgen.sty 1999/11/30 v2.0 generic functions
\@emptytoks=\toks32
\ex@=\dimen178
))
(/home/peete/.miktex/texmfs/install/tex/latex/amsmath/amsbsy.sty
Package: amsbsy 1999/11/29 v1.2d Bold Symbols
\pmbraise@=\dimen179
)
(/home/peete/.miktex/texmfs/install/tex/latex/amsmath/amsopn.sty
Package: amsopn 2016/03/08 v2.02 operator names
)
\inf@bad=\count144
LaTeX Info: Redefining \frac on input line 223.
\uproot@=\count145
\leftroot@=\count146
LaTeX Info: Redefining \overline on input line 385.
\classnum@=\count147
\DOTSCASE@=\count148
LaTeX Info: Redefining \ldots on input line 482.
LaTeX Info: Redefining \dots on input line 485.
LaTeX Info: Redefining \cdots on input line 606.
\Mathstrutbox@=\box52
\strutbox@=\box53
\big@size=\dimen180
LaTeX Font Info:    Redeclaring font encoding OML on input line 729.
LaTeX Font Info:    Redeclaring font encoding OMS on input line 730.
\macc@depth=\count149
\c@MaxMatrixCols=\count150
\dotsspace@=\muskip11
\c@parentequation=\count151
\dspbrk@lvl=\count152
\tag@help=\toks33
\row@=\count153
\column@=\count154
\maxfields@=\count155
\andhelp@=\toks34
\eqnshift@=\dimen181
\alignsep@=\dimen182
\tagshift@=\dimen183
\tagwidth@=\dimen184
\totwidth@=\dimen185
\lineht@=\dimen186
\@envbody=\toks35
\multlinegap=\skip52
\multlinetaggap=\skip53
\mathdisplay@stack=\toks36
LaTeX Info: Redefining \[ on input line 2844.
LaTeX Info: Redefining \] on input line 2845.
)
(/home/peete/.miktex/texmfs/install/tex/latex/amscls/amsthm.sty
Package: amsthm 2017/10/31 v2.20.4
\thm@style=\toks37
\thm@bodyfont=\toks38
\thm@headfont=\toks39
\thm@notefont=\toks40
\thm@headpunct=\toks41
\thm@preskip=\skip54
\thm@postskip=\skip55
\thm@headsep=\skip56
\dth@everypar=\toks42
)
\c@theorem=\count156
)
(/home/peete/.miktex/texmfs/install/tex/latex/beamer/beamerbasethemes.sty))
(/home/peete/.miktex/texmfs/install/tex/latex/beamer/beamerthemedefault.sty
(/home/peete/.miktex/texmfs/install/tex/latex/beamer/beamerfontthemedefault.sty
)
(/home/peete/.miktex/texmfs/install/tex/latex/beamer/beamercolorthemedefault.st
y)
(/home/peete/.miktex/texmfs/install/tex/latex/beamer/beamerinnerthemedefault.st
y
\beamer@dima=\dimen187
\beamer@dimb=\dimen188
)
(/home/peete/.miktex/texmfs/install/tex/latex/beamer/beamerouterthemedefault.st
y))) (/home/peete/.miktex/texmfs/install/tex/latex/beamer/multimedia.sty
Package: multimedia 2012/05/02 ver 0.02
\mm@movie=\count157
)
(/home/peete/.miktex/texmfs/install/tex/latex/makecell/makecell.sty
Package: makecell 2009/08/03 V0.1e Managing of Tab Column Heads and Cells

(/home/peete/.miktex/texmfs/install/tex/latex/tools/array.sty
Package: array 2018/12/30 v2.4k Tabular extension package (FMi)
\col@sep=\dimen189
\ar@mcellbox=\box54
\extrarowheight=\dimen190
\NC@list=\toks43
\extratabsurround=\skip57
\backup@length=\skip58
\ar@cellbox=\box55
)
\rotheadsize=\dimen191
\c@nlinenum=\count158
\TeXr@lab=\toks44
)
(/home/peete/.miktex/texmfs/install/tex/latex/beamer/beamerthemeBerlin.sty
(/home/peete/.miktex/texmfs/install/tex/latex/beamer/beamerouterthememiniframes
.sty)
(/home/peete/.miktex/texmfs/install/tex/latex/beamer/beamercolorthemewhale.sty)

(/home/peete/.miktex/texmfs/install/tex/latex/beamer/beamercolorthemeorchid.sty
)
(/home/peete/.miktex/texmfs/install/tex/latex/beamer/beamerinnerthemerectangles
.sty)) (/home/peete/.miktex/texmfs/install/tex/latex/booktabs/booktabs.sty
Package: booktabs 2005/04/14 v1.61803 publication quality tables
\heavyrulewidth=\dimen192
\lightrulewidth=\dimen193
\cmidrulewidth=\dimen194
\belowrulesep=\dimen195
\belowbottomsep=\dimen196
\aboverulesep=\dimen197
\abovetopsep=\dimen198
\cmidrulesep=\dimen199
\cmidrulekern=\dimen256
\defaultaddspace=\dimen257
\@cmidla=\count159
\@cmidlb=\count160
\@aboverulesep=\dimen258
\@belowrulesep=\dimen259
\@thisruleclass=\count161
\@lastruleclass=\count162
\@thisrulewidth=\dimen260
)
(presentation.aux)
\openout1 = `presentation.aux'.

LaTeX Font Info:    Checking defaults for OML/cmm/m/it on input line 125.
LaTeX Font Info:    ... okay on input line 125.
LaTeX Font Info:    Checking defaults for T1/cmr/m/n on input line 125.
LaTeX Font Info:    ... okay on input line 125.
LaTeX Font Info:    Checking defaults for OT1/cmr/m/n on input line 125.
LaTeX Font Info:    ... okay on input line 125.
LaTeX Font Info:    Checking defaults for OMS/cmsy/m/n on input line 125.
LaTeX Font Info:    ... okay on input line 125.
LaTeX Font Info:    Checking defaults for OMX/cmex/m/n on input line 125.
LaTeX Font Info:    ... okay on input line 125.
LaTeX Font Info:    Checking defaults for U/cmr/m/n on input line 125.
LaTeX Font Info:    ... okay on input line 125.
LaTeX Font Info:    Checking defaults for PD1/pdf/m/n on input line 125.
LaTeX Font Info:    ... okay on input line 125.

*geometry* driver: auto-detecting
*geometry* detected driver: pdftex
*geometry* verbose mode - [ preamble ] result:
* driver: pdftex
* paper: custom
* layout: <same size as paper>
* layoutoffset:(h,v)=(0.0pt,0.0pt)
* modes: includehead includefoot 
* h-part:(L,W,R)=(28.45274pt, 307.28987pt, 28.45274pt)
* v-part:(T,H,B)=(0.0pt, 273.14662pt, 0.0pt)
* \paperwidth=364.19536pt
* \paperheight=273.14662pt
* \textwidth=307.28987pt
* \textheight=244.6939pt
* \oddsidemargin=-43.81725pt
* \evensidemargin=-43.81725pt
* \topmargin=-72.26999pt
* \headheight=14.22636pt
* \headsep=0.0pt
* \topskip=11.0pt
* \footskip=14.22636pt
* \marginparwidth=4.0pt
* \marginparsep=10.0pt
* \columnsep=10.0pt
* \skip\footins=10.0pt plus 4.0pt minus 2.0pt
* \hoffset=0.0pt
* \voffset=0.0pt
* \mag=1000
* \@twocolumnfalse
* \@twosidefalse
* \@mparswitchfalse
* \@reversemarginfalse
* (1in=72.27pt=25.4mm, 1cm=28.453pt)

(/home/peete/.miktex/texmfs/install/tex/context/base/mkii/supp-pdf.mkii
[Loading MPS to PDF converter (version 2006.09.02).]
\scratchcounter=\count163
\scratchdimen=\dimen261
\scratchbox=\box56
\nofMPsegments=\count164
\nofMParguments=\count165
\everyMPshowfont=\toks45
\MPscratchCnt=\count166
\MPscratchDim=\dimen262
\MPnumerator=\count167
\makeMPintoPDFobject=\count168
\everyMPtoPDFconversion=\toks46
) (/home/peete/.miktex/texmfs/install/tex/latex/oberdiek/epstopdf-base.sty
Package: epstopdf-base 2016/05/15 v2.6 Base part for package epstopdf

(/home/peete/.miktex/texmfs/install/tex/latex/oberdiek/grfext.sty
Package: grfext 2016/05/16 v1.2 Manage graphics extensions (HO)
)
Package epstopdf-base Info: Redefining graphics rule for `.eps' on input line 4
38.
Package grfext Info: Graphics extension search list:
(grfext)             [.pdf,.png,.jpg,.mps,.jpeg,.jbig2,.jb2,.PDF,.PNG,.JPG,.JPE
G,.JBIG2,.JB2,.eps]
(grfext)             \AppendGraphicsExtensions on input line 456.
)
ABD: EveryShipout initializing macros
\AtBeginShipoutBox=\box57
Package hyperref Info: Link coloring OFF on input line 125.

(/home/peete/.miktex/texmfs/install/tex/latex/hyperref/nameref.sty
Package: nameref 2016/05/21 v2.44 Cross-referencing by name of section

(/home/peete/.miktex/texmfs/install/tex/generic/oberdiek/gettitlestring.sty
Package: gettitlestring 2016/05/16 v1.5 Cleanup title references (HO)
)
\c@section@level=\count169
)
LaTeX Info: Redefining \ref on input line 125.
LaTeX Info: Redefining \pageref on input line 125.
LaTeX Info: Redefining \nameref on input line 125.

(presentation.out) (presentation.out)
\@outlinefile=\write5
\openout5 = `presentation.out'.

LaTeX Font Info:    Overwriting symbol font `operators' in version `normal'
(Font)                  OT1/cmr/m/n --> OT1/cmss/m/n on input line 125.
LaTeX Font Info:    Overwriting symbol font `operators' in version `bold'
(Font)                  OT1/cmr/bx/n --> OT1/cmss/bx/n on input line 125.
\symnumbers=\mathgroup6
\sympureletters=\mathgroup7
LaTeX Font Info:    Overwriting math alphabet `\mathrm' in version `normal'
(Font)                  OT1/cmss/m/n --> OT1/cmr/m/n on input line 125.
LaTeX Font Info:    Redeclaring math alphabet \mathbf on input line 125.
LaTeX Font Info:    Overwriting math alphabet `\mathbf' in version `normal'
(Font)                  OT1/cmr/bx/n --> OT1/cmss/bx/n on input line 125.
LaTeX Font Info:    Overwriting math alphabet `\mathbf' in version `bold'
(Font)                  OT1/cmr/bx/n --> OT1/cmss/bx/n on input line 125.
LaTeX Font Info:    Redeclaring math alphabet \mathsf on input line 125.
LaTeX Font Info:    Overwriting math alphabet `\mathsf' in version `normal'
(Font)                  OT1/cmss/m/n --> OT1/cmss/m/n on input line 125.
LaTeX Font Info:    Overwriting math alphabet `\mathsf' in version `bold'
(Font)                  OT1/cmss/bx/n --> OT1/cmss/m/n on input line 125.
LaTeX Font Info:    Redeclaring math alphabet \mathit on input line 125.
LaTeX Font Info:    Overwriting math alphabet `\mathit' in version `normal'
(Font)                  OT1/cmr/m/it --> OT1/cmss/m/it on input line 125.
LaTeX Font Info:    Overwriting math alphabet `\mathit' in version `bold'
(Font)                  OT1/cmr/bx/it --> OT1/cmss/m/it on input line 125.
LaTeX Font Info:    Redeclaring math alphabet \mathtt on input line 125.
LaTeX Font Info:    Overwriting math alphabet `\mathtt' in version `normal'
(Font)                  OT1/cmtt/m/n --> OT1/cmtt/m/n on input line 125.
LaTeX Font Info:    Overwriting math alphabet `\mathtt' in version `bold'
(Font)                  OT1/cmtt/m/n --> OT1/cmtt/m/n on input line 125.
LaTeX Font Info:    Overwriting symbol font `numbers' in version `bold'
(Font)                  OT1/cmss/m/n --> OT1/cmss/bx/n on input line 125.
LaTeX Font Info:    Overwriting symbol font `pureletters' in version `bold'
(Font)                  OT1/cmss/m/it --> OT1/cmss/bx/it on input line 125.
LaTeX Font Info:    Overwriting math alphabet `\mathrm' in version `bold'
(Font)                  OT1/cmss/bx/n --> OT1/cmr/bx/n on input line 125.
LaTeX Font Info:    Overwriting math alphabet `\mathbf' in version `bold'
(Font)                  OT1/cmss/bx/n --> OT1/cmss/bx/n on input line 125.
LaTeX Font Info:    Overwriting math alphabet `\mathsf' in version `bold'
(Font)                  OT1/cmss/m/n --> OT1/cmss/bx/n on input line 125.
LaTeX Font Info:    Overwriting math alphabet `\mathit' in version `bold'
(Font)                  OT1/cmss/m/it --> OT1/cmss/bx/it on input line 125.
LaTeX Font Info:    Overwriting math alphabet `\mathtt' in version `bold'
(Font)                  OT1/cmtt/m/n --> OT1/cmtt/bx/n on input line 125.
LaTeX Font Info:    Redeclaring symbol font `pureletters' on input line 125.
LaTeX Font Info:    Overwriting symbol font `pureletters' in version `normal'
(Font)                  OT1/cmss/m/it --> OT1/mathkerncmss/m/sl on input line 1
25.
LaTeX Font Info:    Overwriting symbol font `pureletters' in version `bold'
(Font)                  OT1/cmss/bx/it --> OT1/mathkerncmss/m/sl on input line 
125.
LaTeX Font Info:    Overwriting symbol font `pureletters' in version `bold'
(Font)                  OT1/mathkerncmss/m/sl --> OT1/mathkerncmss/bx/sl on inp
ut line 125.

(/home/peete/.miktex/texmfs/install/tex/latex/translator/translator-basic-dicti
onary-English.dict
Dictionary: translator-basic-dictionary, Language: English 
)
(/home/peete/.miktex/texmfs/install/tex/latex/translator/translator-bibliograph
y-dictionary-English.dict
Dictionary: translator-bibliography-dictionary, Language: English 
)
(/home/peete/.miktex/texmfs/install/tex/latex/translator/translator-environment
-dictionary-English.dict
Dictionary: translator-environment-dictionary, Language: English 
)
(/home/peete/.miktex/texmfs/install/tex/latex/translator/translator-months-dict
ionary-English.dict
Dictionary: translator-months-dictionary, Language: English 
)
(/home/peete/.miktex/texmfs/install/tex/latex/translator/translator-numbers-dic
tionary-English.dict
Dictionary: translator-numbers-dictionary, Language: English 
)
(/home/peete/.miktex/texmfs/install/tex/latex/translator/translator-theorem-dic
tionary-English.dict
Dictionary: translator-theorem-dictionary, Language: English 
) (presentation.nav) [1{/home/peete/.miktex/texmfs/data/pdftex/config/pdftex.ma
p}

] (presentation.toc) [2

] [3

] (presentation.toc) [4

]
[5

] (presentation.toc) [6

]
<../images/DA_examples_cityscapes_gta.png, id=475, 390.4989pt x 123.3408pt>
File: ../images/DA_examples_cityscapes_gta.png Graphic file (type png)
<use ../images/DA_examples_cityscapes_gta.png>
Package pdftex.def Info: ../images/DA_examples_cityscapes_gta.png  used on inpu
t line 186.
(pdftex.def)             Requested size: 169.01035pt x 53.38367pt.

Overfull \hbox (15.36542pt too wide) in paragraph at lines 186--186
 [] 
 []

LaTeX Font Info:    Try loading font information for U+msa on input line 186.
(/home/peete/.miktex/texmfs/install/tex/latex/amsfonts/umsa.fd
File: umsa.fd 2013/01/14 v3.01 AMS symbols A
)
LaTeX Font Info:    Try loading font information for U+msb on input line 186.

(/home/peete/.miktex/texmfs/install/tex/latex/amsfonts/umsb.fd
File: umsb.fd 2013/01/14 v3.01 AMS symbols B
)
LaTeX Font Info:    Try loading font information for OT1+mathkerncmss on input 
line 186.

(/home/peete/.miktex/texmfs/install/tex/latex/sansmathaccent/ot1mathkerncmss.fd
File: ot1mathkerncmss.fd 2013/03/27 Fontinst v1.933 font definitions for OT1/ma
thkerncmss.
) [7

 <../images/DA_examples_cityscapes_gta.png>] [8

]
<../images/I2I_examples.png, id=573, 1511.6475pt x 960.58875pt>
File: ../images/I2I_examples.png Graphic file (type png)
<use ../images/I2I_examples.png>
Package pdftex.def Info: ../images/I2I_examples.png  used on input line 213.
(pdftex.def)             Requested size: 215.10196pt x 136.68011pt.
 [9

 <../images/I2I_examples.png>] (presentation.toc) [10

] [11

] [12

] [13

] (presentation.toc) [14

] [15

]
(presentation.toc) [16

] [17

] [18

] [19

] (presentation.toc) [20

] [21

]
<../images/p4d_example.png, id=1245, 1533.73pt x 1287.81125pt>
File: ../images/p4d_example.png Graphic file (type png)
<use ../images/p4d_example.png>
Package pdftex.def Info: ../images/p4d_example.png  used on input line 327.
(pdftex.def)             Requested size: 153.64493pt x 129.00482pt.
 [22

 <../images/p4d_example.png>]
<../images/cityscapes_example.png, id=1295, 1538.74875pt x 1163.34625pt>
File: ../images/cityscapes_example.png Graphic file (type png)
<use ../images/cityscapes_example.png>
Package pdftex.def Info: ../images/cityscapes_example.png  used on input line 3
44.
(pdftex.def)             Requested size: 153.64493pt x 116.14618pt.
 [23

 <../images/cityscapes_example.png>] [24

] [25

]
[26

] (presentation.toc) [27

]
Overfull \vbox (11.15906pt too high) detected at line 404
 []

[28

]
<../images/evaluation/GTA_pred_labels.png, id=1594, 2055.68pt x 1027.84pt>
File: ../images/evaluation/GTA_pred_labels.png Graphic file (type png)
<use ../images/evaluation/GTA_pred_labels.png>
Package pdftex.def Info: ../images/evaluation/GTA_pred_labels.png  used on inpu
t line 451.
(pdftex.def)             Requested size: 153.64493pt x 76.81805pt.
<../images/evaluation/CycleGAN_translated.png, id=1595, 513.92pt x 256.96pt>
File: ../images/evaluation/CycleGAN_translated.png Graphic file (type png)
<use ../images/evaluation/CycleGAN_translated.png>
Package pdftex.def Info: ../images/evaluation/CycleGAN_translated.png  used on 
input line 451.
(pdftex.def)             Requested size: 153.64493pt x 76.82196pt.
<../images/evaluation/CycleGAN_pred_labels.png, id=1596, 2055.68pt x 1027.84pt>

File: ../images/evaluation/CycleGAN_pred_labels.png Graphic file (type png)
<use ../images/evaluation/CycleGAN_pred_labels.png>
Package pdftex.def Info: ../images/evaluation/CycleGAN_pred_labels.png  used on
 input line 451.
(pdftex.def)             Requested size: 153.64493pt x 76.81805pt.
<../images/evaluation/CyCADA_translated.png, id=1597, 513.92pt x 256.96pt>
File: ../images/evaluation/CyCADA_translated.png Graphic file (type png)
<use ../images/evaluation/CyCADA_translated.png>
Package pdftex.def Info: ../images/evaluation/CyCADA_translated.png  used on in
put line 451.
(pdftex.def)             Requested size: 153.64493pt x 76.82196pt.
<../images/evaluation/CyCADA_pred_labels.png, id=1598, 2055.68pt x 1027.84pt>
File: ../images/evaluation/CyCADA_pred_labels.png Graphic file (type png)
<use ../images/evaluation/CyCADA_pred_labels.png>
Package pdftex.def Info: ../images/evaluation/CyCADA_pred_labels.png  used on i
nput line 451.
(pdftex.def)             Requested size: 153.64493pt x 76.81805pt.
<../images/evaluation/SG-GAN_translated.png, id=1599, 513.92pt x 256.96pt>
File: ../images/evaluation/SG-GAN_translated.png Graphic file (type png)
<use ../images/evaluation/SG-GAN_translated.png>
Package pdftex.def Info: ../images/evaluation/SG-GAN_translated.png  used on in
put line 451.
(pdftex.def)             Requested size: 153.64493pt x 76.82196pt.
<../images/evaluation/SG-GAN_pred_labels.png, id=1600, 2055.68pt x 1027.84pt>
File: ../images/evaluation/SG-GAN_pred_labels.png Graphic file (type png)
<use ../images/evaluation/SG-GAN_pred_labels.png>
Package pdftex.def Info: ../images/evaluation/SG-GAN_pred_labels.png  used on i
nput line 451.
(pdftex.def)             Requested size: 153.64493pt x 76.81805pt.

Overfull \hbox (23.0426pt too wide) in paragraph at lines 451--451
 [] 
 []

<../images/evaluation/GTA_gt_image.png, id=1601, 513.92pt x 256.96pt>
File: ../images/evaluation/GTA_gt_image.png Graphic file (type png)
<use ../images/evaluation/GTA_gt_image.png>
Package pdftex.def Info: ../images/evaluation/GTA_gt_image.png  used on input l
ine 451.
(pdftex.def)             Requested size: 138.2795pt x 69.14095pt.
<../images/evaluation/GTA_gt_label.png, id=1602, 513.92pt x 256.96pt>
File: ../images/evaluation/GTA_gt_label.png Graphic file (type png)
<use ../images/evaluation/GTA_gt_label.png>
Package pdftex.def Info: ../images/evaluation/GTA_gt_label.png  used on input l
ine 451.
(pdftex.def)             Requested size: 138.2795pt x 69.14095pt.

Overfull \vbox (7.2923pt too high) detected at line 451
 []

[29

 <../images/evaluation/GTA_pred_labels.png (PNG copy)> <../images/evaluation/Cy
cleGAN_translated.png (PNG copy)> <../images/evaluation/CycleGAN_pred_labels.pn
g (PNG copy)> <../images/evaluation/CyCADA_translated.png (PNG copy)> <../image
s/evaluation/CyCADA_pred_labels.png (PNG copy)> <../images/evaluation/SG-GAN_tr
anslated.png (PNG copy)> <../images/evaluation/SG-GAN_pred_labels.png (PNG copy
)> <../images/evaluation/GTA_gt_image.png (PNG copy)> <../images/evaluation/GTA
_gt_label.png>]
<../images/evaluation/GTA_pred_labels_train.png, id=1651, 2055.68pt x 1027.84pt
>
File: ../images/evaluation/GTA_pred_labels_train.png Graphic file (type png)
<use ../images/evaluation/GTA_pred_labels_train.png>
Package pdftex.def Info: ../images/evaluation/GTA_pred_labels_train.png  used o
n input line 498.
(pdftex.def)             Requested size: 153.64493pt x 76.81805pt.
<../images/evaluation/CycleGAN_translated_train.png, id=1652, 513.92pt x 256.96
pt>
File: ../images/evaluation/CycleGAN_translated_train.png Graphic file (type png
)
<use ../images/evaluation/CycleGAN_translated_train.png>
Package pdftex.def Info: ../images/evaluation/CycleGAN_translated_train.png  us
ed on input line 498.
(pdftex.def)             Requested size: 153.64493pt x 76.82196pt.
<../images/evaluation/CycleGAN_pred_labels_train.png, id=1653, 2055.68pt x 1027
.84pt>
File: ../images/evaluation/CycleGAN_pred_labels_train.png Graphic file (type pn
g)
<use ../images/evaluation/CycleGAN_pred_labels_train.png>
Package pdftex.def Info: ../images/evaluation/CycleGAN_pred_labels_train.png  u
sed on input line 498.
(pdftex.def)             Requested size: 153.64493pt x 76.81805pt.
<../images/evaluation/CyCADA_translated_train.png, id=1654, 513.92pt x 256.96pt
>
File: ../images/evaluation/CyCADA_translated_train.png Graphic file (type png)
<use ../images/evaluation/CyCADA_translated_train.png>
Package pdftex.def Info: ../images/evaluation/CyCADA_translated_train.png  used
 on input line 498.
(pdftex.def)             Requested size: 153.64493pt x 76.82196pt.
<../images/evaluation/CyCADA_pred_labels_train.png, id=1655, 2055.68pt x 1027.8
4pt>
File: ../images/evaluation/CyCADA_pred_labels_train.png Graphic file (type png)

<use ../images/evaluation/CyCADA_pred_labels_train.png>
Package pdftex.def Info: ../images/evaluation/CyCADA_pred_labels_train.png  use
d on input line 498.
(pdftex.def)             Requested size: 153.64493pt x 76.81805pt.
<../images/evaluation/SG-GAN_translated_train.png, id=1656, 513.92pt x 256.96pt
>
File: ../images/evaluation/SG-GAN_translated_train.png Graphic file (type png)
<use ../images/evaluation/SG-GAN_translated_train.png>
Package pdftex.def Info: ../images/evaluation/SG-GAN_translated_train.png  used
 on input line 498.
(pdftex.def)             Requested size: 153.64493pt x 76.82196pt.
<../images/evaluation/SG-GAN_pred_labels_train.png, id=1657, 2055.68pt x 1027.8
4pt>
File: ../images/evaluation/SG-GAN_pred_labels_train.png Graphic file (type png)

<use ../images/evaluation/SG-GAN_pred_labels_train.png>
Package pdftex.def Info: ../images/evaluation/SG-GAN_pred_labels_train.png  use
d on input line 498.
(pdftex.def)             Requested size: 153.64493pt x 76.81805pt.

Overfull \hbox (23.0426pt too wide) in paragraph at lines 498--498
 [] 
 []

<../images/evaluation/GTA_gt_image_train.png, id=1658, 513.92pt x 256.96pt>
File: ../images/evaluation/GTA_gt_image_train.png Graphic file (type png)
<use ../images/evaluation/GTA_gt_image_train.png>
Package pdftex.def Info: ../images/evaluation/GTA_gt_image_train.png  used on i
nput line 498.
(pdftex.def)             Requested size: 138.2795pt x 69.14095pt.
<../images/evaluation/GTA_gt_label_train.png, id=1659, 513.92pt x 256.96pt>
File: ../images/evaluation/GTA_gt_label_train.png Graphic file (type png)
<use ../images/evaluation/GTA_gt_label_train.png>
Package pdftex.def Info: ../images/evaluation/GTA_gt_label_train.png  used on i
nput line 498.
(pdftex.def)             Requested size: 138.2795pt x 69.14095pt.

Overfull \vbox (7.2923pt too high) detected at line 498
 []

[30

 <../images/evaluation/GTA_pred_labels_train.png (PNG copy)> <../images/evaluat
ion/CycleGAN_translated_train.png (PNG copy)> <../images/evaluation/CycleGAN_pr
ed_labels_train.png (PNG copy)> <../images/evaluation/CyCADA_translated_train.p
ng (PNG copy)> <../images/evaluation/CyCADA_pred_labels_train.png (PNG copy)> <
../images/evaluation/SG-GAN_translated_train.png (PNG copy)> <../images/evaluat
ion/SG-GAN_pred_labels_train.png (PNG copy)> <../images/evaluation/GTA_gt_image
_train.png (PNG copy)> <../images/evaluation/GTA_gt_label_train.png>]
(presentation.toc) [31

] [32

] [33

] [34

] [35

] [36

] [37

] [38

]
\tf@nav=\write6
\openout6 = `presentation.nav'.

\tf@toc=\write7
\openout7 = `presentation.toc'.

\tf@snm=\write8
\openout8 = `presentation.snm'.

Package atveryend Info: Empty hook `BeforeClearDocument' on input line 645.
Package atveryend Info: Empty hook `AfterLastShipout' on input line 645.
 (presentation.aux)
Package atveryend Info: Executing hook `AtVeryEndDocument' on input line 645.
Package atveryend Info: Executing hook `AtEndAfterFileList' on input line 645.
Package rerunfilecheck Info: File `presentation.out' has not changed.
(rerunfilecheck)             Checksum: 93A88AF461AAEB5F980CCEE55AF4551A;779.
 ) 
Here is how much of TeX's memory you used:
 18106 strings out of 492903
 349592 string characters out of 3130412
 461739 words of memory out of 3000000
 21473 multiletter control sequences out of 15000+200000
 11340 words of font info for 41 fonts, out of 3000000 for 9000
 1141 hyphenation exceptions out of 8191
 56i,19n,62p,781b,773s stack positions out of 5000i,500n,10000p,200000b,50000s
</home/peete/.miktex/texmfs/install/fonts/type1/public/amsfonts/cm/cmss10.pfb
></home/peete/.miktex/texmfs/install/fonts/type1/public/amsfonts/cm/cmss12.pfb>
</home/peete/.miktex/texmfs/install/fonts/type1/public/amsfonts/cm/cmss8.pfb></
home/peete/.miktex/texmfs/install/fonts/type1/public/amsfonts/cm/cmssbx10.pfb><
/home/peete/.miktex/texmfs/install/fonts/type1/public/amsfonts/cm/cmssi8.pfb></
home/peete/.miktex/texmfs/install/fonts/type1/public/amsfonts/cm/cmsy10.pfb>
Output written on presentation.pdf (38 pages, 9846844 bytes).
PDF statistics:
 2140 PDF objects out of 2487 (max. 8388607)
 91 named destinations out of 1000 (max. 500000)
 269 words of extra memory for PDF output out of 10000 (max. 10000000)

